<?xml version="1.0" encoding="UTF-8"?>
<!-- Generated by org.testng.reporters.JUnitXMLReporter -->
<testsuite ignored="0" hostname="LAPTOP-6MELK31E" failures="0" tests="3" name="Default test" time="0.118" errors="0" timestamp="2025-02-25T10:37:37 IST">
  <testcase classname="TestNG.Annotations.dataProviderAnnotation" name="createContact" time="0.024"/>
  <testcase classname="TestNG.Annotations.dataProviderAnnotation" name="createContact" time="0.003"/>
  <testcase classname="TestNG.Annotations.dataProviderAnnotation" name="createContact" time="0.003"/>
</testsuite> <!-- Default test -->
