<?xml version="1.0" encoding="UTF-8"?>
<testng-results ignored="0" total="3" passed="3" failed="0" skipped="0">
  <reporter-output>
  </reporter-output>
  <suite started-at="2025-02-25T10:37:37 IST" name="Default suite" finished-at="2025-02-25T10:37:37 IST" duration-ms="118">
    <groups>
    </groups>
    <test started-at="2025-02-25T10:37:37 IST" name="Default test" finished-at="2025-02-25T10:37:37 IST" duration-ms="118">
      <class name="TestNG.Annotations.dataProviderAnnotation">
        <test-method signature="createContact(java.lang.String,java.lang.String)[pri:0, instance:TestNG.Annotations.dataProviderAnnotation@4c583ecf]" started-at="2025-02-25T10:37:37 IST" name="createContact" data-provider="getData" finished-at="2025-02-25T10:37:37 IST" duration-ms="24" status="PASS">
          <params>
            <param index="0">
              <value>
                <![CDATA[Raju]]>
              </value>
            </param>
            <param index="1">
              <value>
                <![CDATA[Ramesh]]>
              </value>
            </param>
          </params>
          <reporter-output>
          </reporter-output>
        </test-method> <!-- createContact -->
        <test-method signature="createContact(java.lang.String,java.lang.String)[pri:0, instance:TestNG.Annotations.dataProviderAnnotation@4c583ecf]" started-at="2025-02-25T10:37:37 IST" name="createContact" data-provider="getData" finished-at="2025-02-25T10:37:37 IST" duration-ms="3" status="PASS">
          <params>
            <param index="0">
              <value>
                <![CDATA[Appu]]>
              </value>
            </param>
            <param index="1">
              <value>
                <![CDATA[Vanitha]]>
              </value>
            </param>
          </params>
          <reporter-output>
          </reporter-output>
        </test-method> <!-- createContact -->
        <test-method signature="createContact(java.lang.String,java.lang.String)[pri:0, instance:TestNG.Annotations.dataProviderAnnotation@4c583ecf]" started-at="2025-02-25T10:37:37 IST" name="createContact" data-provider="getData" finished-at="2025-02-25T10:37:37 IST" duration-ms="3" status="PASS">
          <params>
            <param index="0">
              <value>
                <![CDATA[Kasi]]>
              </value>
            </param>
            <param index="1">
              <value>
                <![CDATA[Dhanam]]>
              </value>
            </param>
          </params>
          <reporter-output>
          </reporter-output>
        </test-method> <!-- createContact -->
      </class> <!-- TestNG.Annotations.dataProviderAnnotation -->
    </test> <!-- Default test -->
  </suite> <!-- Default suite -->
</testng-results>
